<?xml version="1.0" encoding="UTF-8"?>
<testsuite name="AppTest" tests="2" skipped="0" failures="0" errors="0" timestamp="2018-09-25T10:37:24" hostname="David" time="0.007">
  <properties/>
  <testcase name="testAddition()" classname="AppTest" time="0.005"/>
  <testcase name="testAppHasAGreeting()" classname="AppTest" time="0.001"/>
  <system-out><![CDATA[]]></system-out>
  <system-err><![CDATA[]]></system-err>
</testsuite>
