<?xml version="1.0" encoding="UTF-8"?>
<testsuite name="CalculatorTest" tests="4" skipped="0" failures="0" errors="0" timestamp="2018-09-25T01:04:13" hostname="DESKTOP-T47A1DO" time="0.031">
  <properties/>
  <testcase name="testAdditionNegativeValues()" classname="CalculatorTest" time="0.017"/>
  <testcase name="testAdditionZero()" classname="CalculatorTest" time="0.002"/>
  <testcase name="testAppHasAGreeting()" classname="CalculatorTest" time="0.001"/>
  <testcase name="testAdditionSimple()" classname="CalculatorTest" time="0.007"/>
  <system-out><![CDATA[]]></system-out>
  <system-err><![CDATA[]]></system-err>
</testsuite>
