<?xml version="1.0" encoding="UTF-8"?>
<testsuite name="CalculatorTest" tests="4" skipped="0" failures="0" errors="0" timestamp="2018-09-25T10:37:24" hostname="David" time="0.02">
  <properties/>
  <testcase name="testAdditionNegativeValues()" classname="CalculatorTest" time="0.016"/>
  <testcase name="testAdditionZero()" classname="CalculatorTest" time="0.001"/>
  <testcase name="testAppHasAGreeting()" classname="CalculatorTest" time="0.0"/>
  <testcase name="testAdditionSimple()" classname="CalculatorTest" time="0.001"/>
  <system-out><![CDATA[]]></system-out>
  <system-err><![CDATA[]]></system-err>
</testsuite>
